d:\lynn\program files (x86)\thunder network\bin\program\script\qq robot\qq robot\cqsdk-vc-master\cqpdemo\release\vc141.pdb
d:\lynn\program files (x86)\thunder network\bin\program\script\qq robot\qq robot\cqsdk-vc-master\cqpdemo\release\stdafx.obj
d:\lynn\program files (x86)\thunder network\bin\program\script\qq robot\qq robot\cqsdk-vc-master\cqpdemo\release\dllmain.obj
d:\lynn\program files (x86)\thunder network\bin\program\script\qq robot\qq robot\cqsdk-vc-master\cqpdemo\release\appmain.obj
d:\lynn\program files (x86)\thunder network\bin\program\script\qq robot\qq robot\cqsdk-vc-master\cqpdemo\release\transactionmanagement.obj
d:\lynn\program files (x86)\thunder network\bin\program\script\qq robot\qq robot\cqsdk-vc-master\cqpdemo\release\threadbase.obj
d:\lynn\program files (x86)\thunder network\bin\program\script\qq robot\qq robot\cqsdk-vc-master\cqpdemo\release\msgsub.obj
d:\lynn\program files (x86)\thunder network\bin\program\script\qq robot\qq robot\cqsdk-vc-master\release\com.example.democ.lib
d:\lynn\program files (x86)\thunder network\bin\program\script\qq robot\qq robot\cqsdk-vc-master\release\com.example.democ.exp
d:\lynn\program files (x86)\thunder network\bin\program\script\qq robot\qq robot\cqsdk-vc-master\release\com.example.democ.ipdb
d:\lynn\program files (x86)\thunder network\bin\program\script\qq robot\qq robot\cqsdk-vc-master\release\com.example.democ.iobj
d:\lynn\program files (x86)\thunder network\bin\program\script\qq robot\qq robot\cqsdk-vc-master\release\com.example.democ.dll
d:\lynn\program files (x86)\thunder network\bin\program\script\qq robot\qq robot\cqsdk-vc-master\release\com.example.democ.pdb
d:\qq robot\cqsdk-vc-master\cqpdemo\release\appmain.obj
d:\qq robot\cqsdk-vc-master\cqpdemo\release\dllmain.obj
d:\qq robot\cqsdk-vc-master\cqpdemo\release\msgsub.obj
d:\qq robot\cqsdk-vc-master\cqpdemo\release\stdafx.obj
d:\qq robot\cqsdk-vc-master\cqpdemo\release\threadbase.obj
d:\qq robot\cqsdk-vc-master\cqpdemo\release\transactionmanagement.obj
d:\qq robot\cqsdk-vc-master\cqpdemo\release\uno.obj
d:\qq robot\cqsdk-vc-master\cqpdemo\release\vc141.pdb
d:\qq robot\cqsdk-vc-master\release\com.example.democ.pdb
d:\qq robot\cqsdk-vc-master\release\com.example.democ.dll
d:\qq robot\cqsdk-vc-master\cqpdemo\release\com.exam.9d36eaff.tlog\cl.command.1.tlog
d:\qq robot\cqsdk-vc-master\cqpdemo\release\com.exam.9d36eaff.tlog\cl.read.1.tlog
d:\qq robot\cqsdk-vc-master\cqpdemo\release\com.exam.9d36eaff.tlog\cl.write.1.tlog
d:\qq robot\cqsdk-vc-master\cqpdemo\release\com.exam.9d36eaff.tlog\com.example.democ.write.1u.tlog
d:\qq robot\cqsdk-vc-master\cqpdemo\release\com.exam.9d36eaff.tlog\link.command.1.tlog
d:\qq robot\cqsdk-vc-master\cqpdemo\release\com.exam.9d36eaff.tlog\link.read.1.tlog
d:\qq robot\cqsdk-vc-master\cqpdemo\release\com.exam.9d36eaff.tlog\link.write.1.tlog
